[2000-07-01T00:00:00+02:00][Adjuntar Archivo][INFO]: Se inicia el proceso de adjuntar el archivo: NombreAPP Formato de carga.xls

[2000-07-01T00:00:00+02:00][Adjuntar Archivo][INFO]: La extension de el archivo es correcta

[2000-07-01T00:00:00+02:00][Adjuntar Archivo][INFO]: Se finaliza el proceso de adjuntar el archivo: NombreAPP Formato de carga.xls

[2000-07-01T00:00:00+02:00][Adjuntar Archivo][INFO]: Se inicia el proceso de adjuntar el archivo: NombreAPP Formato de carga.xls

[2000-07-01T00:00:00+02:00][Adjuntar Archivo][INFO]: La extension de el archivo es correcta

[2000-07-01T00:00:00+02:00][Adjuntar Archivo][INFO]: Se finaliza el proceso de adjuntar el archivo: NombreAPP Formato de carga.xls

[2000-07-01T00:00:00+02:00][Adjuntar Archivo][INFO]: Se inicia el proceso de adjuntar el archivo: prueba.xls

[2000-07-01T00:00:00+02:00][Adjuntar Archivo][INFO]: La extension de el archivo es correcta

[2000-07-01T00:00:00+02:00][Adjuntar Archivo][INFO]: Se finaliza el proceso de adjuntar el archivo: prueba.xls

[2000-07-01T00:00:00+02:00][Adjuntar Archivo][INFO]: Se inicia el proceso de adjuntar el archivo: NombreAPP Formato de carga.xls

[2000-07-01T00:00:00+02:00][Adjuntar Archivo][INFO]: La extension de el archivo es correcta

[2000-07-01T00:00:00+02:00][Adjuntar Archivo][INFO]: Se finaliza el proceso de adjuntar el archivo: NombreAPP Formato de carga.xls

[2000-07-01T00:00:00+02:00][Adjuntar Archivo][INFO]: Se inicia el proceso de adjuntar el archivo: NombreAPP Formato de carga.xls

[2000-07-01T00:00:00+02:00][Adjuntar Archivo][INFO]: La extension de el archivo es correcta

[2000-07-01T00:00:00+02:00][Adjuntar Archivo][INFO]: Se finaliza el proceso de adjuntar el archivo: NombreAPP Formato de carga.xls

[2000-07-01T00:00:00+02:00][Adjuntar Archivo][INFO]: Se inicia el proceso de adjuntar el archivo: NombreAPP Formato de carga.xls

[2000-07-01T00:00:00+02:00][Adjuntar Archivo][INFO]: La extension de el archivo es correcta

[2000-07-01T00:00:00+02:00][Adjuntar Archivo][INFO]: Se finaliza el proceso de adjuntar el archivo: NombreAPP Formato de carga.xls

[2000-07-01T00:00:00+02:00][Adjuntar Archivo][INFO]: Se inicia el proceso de adjuntar el archivo: NombreAPP Formato de carga.xls

[2000-07-01T00:00:00+02:00][Adjuntar Archivo][INFO]: La extension de el archivo es correcta

[2000-07-01T00:00:00+02:00][Adjuntar Archivo][INFO]: Se finaliza el proceso de adjuntar el archivo: NombreAPP Formato de carga.xls

[2000-07-01T00:00:00+02:00][Adjuntar Archivo][INFO]: Se inicia el proceso de adjuntar el archivo: NombreAPP Formato de carga.xls

[2000-07-01T00:00:00+02:00][Adjuntar Archivo][INFO]: La extension de el archivo es correcta

[2000-07-01T00:00:00+02:00][Adjuntar Archivo][INFO]: Se finaliza el proceso de adjuntar el archivo: NombreAPP Formato de carga.xls

[2000-07-01T00:00:00+02:00][Adjuntar Archivo][INFO]: Se inicia el proceso de adjuntar el archivo: NombreAPP Formato de carga.xls

[2000-07-01T00:00:00+02:00][Adjuntar Archivo][INFO]: La extension de el archivo es correcta

[2000-07-01T00:00:00+02:00][Adjuntar Archivo][INFO]: Se finaliza el proceso de adjuntar el archivo: NombreAPP Formato de carga.xls

[2000-07-01T00:00:00+02:00][Adjuntar Archivo][INFO]: Se inicia el proceso de adjuntar el archivo: NombreAPP Formato de carga.xls

[2000-07-01T00:00:00+02:00][Adjuntar Archivo][INFO]: La extension de el archivo es correcta

[2000-07-01T00:00:00+02:00][Adjuntar Archivo][INFO]: Se finaliza el proceso de adjuntar el archivo: NombreAPP Formato de carga.xls

[2000-07-01T00:00:00+02:00][Adjuntar Archivo][INFO]: Se inicia el proceso de adjuntar el archivo: NombreAPP Formato de carga.xls

[2000-07-01T00:00:00+02:00][Adjuntar Archivo][INFO]: La extension de el archivo es correcta

[2000-07-01T00:00:00+02:00][Adjuntar Archivo][INFO]: Se finaliza el proceso de adjuntar el archivo: NombreAPP Formato de carga.xls

[2000-07-01T00:00:00+02:00][Adjuntar Archivo][INFO]: Se inicia el proceso de adjuntar el archivo: NombreAPP Formato de carga.xls

[2000-07-01T00:00:00+02:00][Adjuntar Archivo][INFO]: La extension de el archivo es correcta

[2000-07-01T00:00:00+02:00][Adjuntar Archivo][INFO]: Se finaliza el proceso de adjuntar el archivo: NombreAPP Formato de carga.xls

[2000-07-01T00:00:00+02:00][Adjuntar Archivo][INFO]: Se inicia el proceso de adjuntar el archivo: NombreAPP Formato de carga.xls

[2000-07-01T00:00:00+02:00][Adjuntar Archivo][INFO]: La extension de el archivo es correcta

[2000-07-01T00:00:00+02:00][Adjuntar Archivo][INFO]: Se finaliza el proceso de adjuntar el archivo: NombreAPP Formato de carga.xls

[2000-07-01T00:00:00+02:00][Adjuntar Archivo][INFO]: Se inicia el proceso de adjuntar el archivo: NombreAPP Formato de carga.xls

[2000-07-01T00:00:00+02:00][Adjuntar Archivo][INFO]: La extension de el archivo es correcta

[2000-07-01T00:00:00+02:00][Adjuntar Archivo][INFO]: Se finaliza el proceso de adjuntar el archivo: NombreAPP Formato de carga.xls

[2000-07-01T00:00:00+02:00][Adjuntar Archivo][INFO]: Se inicia el proceso de adjuntar el archivo: NombreAPP Formato de carga.xls

[2000-07-01T00:00:00+02:00][Adjuntar Archivo][INFO]: La extension de el archivo es correcta

[2000-07-01T00:00:00+02:00][Adjuntar Archivo][INFO]: Se finaliza el proceso de adjuntar el archivo: NombreAPP Formato de carga.xls

[2000-07-01T00:00:00+02:00][Adjuntar Archivo][INFO]: Se inicia el proceso de adjuntar el archivo: NombreAPP Formato de carga.xls

[2000-07-01T00:00:00+02:00][Adjuntar Archivo][INFO]: La extension de el archivo es correcta

[2000-07-01T00:00:00+02:00][Adjuntar Archivo][INFO]: Se finaliza el proceso de adjuntar el archivo: NombreAPP Formato de carga.xls

[2000-07-01T00:00:00+02:00][Adjuntar Archivo][INFO]: Se inicia el proceso de adjuntar el archivo: NombreAPP Formato de carga.xls

[2000-07-01T00:00:00+02:00][Adjuntar Archivo][INFO]: La extension de el archivo es correcta

[2000-07-01T00:00:00+02:00][Adjuntar Archivo][INFO]: Se finaliza el proceso de adjuntar el archivo: NombreAPP Formato de carga.xls

[2000-07-01T00:00:00+02:00][Adjuntar Archivo][INFO]: Se inicia el proceso de adjuntar el archivo: NombreAPP Formato de carga.xls

[2000-07-01T00:00:00+02:00][Adjuntar Archivo][INFO]: La extension de el archivo es correcta

[2000-07-01T00:00:00+02:00][Adjuntar Archivo][INFO]: Se finaliza el proceso de adjuntar el archivo: NombreAPP Formato de carga.xls

[2000-07-01T00:00:00+02:00][Adjuntar Archivo][INFO]: Se inicia el proceso de adjuntar el archivo: NombreAPP Formato de carga.xls

[2000-07-01T00:00:00+02:00][Adjuntar Archivo][INFO]: La extension de el archivo es correcta

[2000-07-01T00:00:00+02:00][Adjuntar Archivo][INFO]: Se finaliza el proceso de adjuntar el archivo: NombreAPP Formato de carga.xls

[2000-07-01T00:00:00+02:00][Adjuntar Archivo][INFO]: Se inicia el proceso de adjuntar el archivo: NombreAPP Formato de carga.xls

[2000-07-01T00:00:00+02:00][Adjuntar Archivo][INFO]: La extension de el archivo es correcta

[2000-07-01T00:00:00+02:00][Adjuntar Archivo][INFO]: Se finaliza el proceso de adjuntar el archivo: NombreAPP Formato de carga.xls

[2000-07-01T00:00:00+02:00][Adjuntar Archivo][INFO]: Se inicia el proceso de adjuntar el archivo: NombreAPP Formato de carga.xls

[2000-07-01T00:00:00+02:00][Adjuntar Archivo][INFO]: La extension de el archivo es correcta

[2000-07-01T00:00:00+02:00][Adjuntar Archivo][INFO]: Se finaliza el proceso de adjuntar el archivo: NombreAPP Formato de carga.xls

[2000-07-01T00:00:00+02:00][Adjuntar Archivo][INFO]: Se inicia el proceso de adjuntar el archivo: NombreAPP Formato de carga.xls

[2000-07-01T00:00:00+02:00][Adjuntar Archivo][INFO]: La extension de el archivo es correcta

[2000-07-01T00:00:00+02:00][Adjuntar Archivo][INFO]: Se finaliza el proceso de adjuntar el archivo: NombreAPP Formato de carga.xls

[2000-07-01T00:00:00+02:00][Adjuntar Archivo][INFO]: Se inicia el proceso de adjuntar el archivo: NombreAPP Formato de carga.xls

[2000-07-01T00:00:00+02:00][Adjuntar Archivo][INFO]: La extension de el archivo es correcta

[2000-07-01T00:00:00+02:00][Adjuntar Archivo][INFO]: Se finaliza el proceso de adjuntar el archivo: NombreAPP Formato de carga.xls

[2000-07-01T00:00:00+02:00][Adjuntar Archivo][INFO]: Se inicia el proceso de adjuntar el archivo: NombreAPP Formato de carga.xls

[2000-07-01T00:00:00+02:00][Adjuntar Archivo][INFO]: La extension de el archivo es correcta

[2000-07-01T00:00:00+02:00][Adjuntar Archivo][INFO]: Se finaliza el proceso de adjuntar el archivo: NombreAPP Formato de carga.xls

[2000-07-01T00:00:00+02:00][Adjuntar Archivo][INFO]: Se inicia el proceso de adjuntar el archivo: NombreAPP Formato de carga.xls

[2000-07-01T00:00:00+02:00][Adjuntar Archivo][INFO]: La extension de el archivo es correcta

[2000-07-01T00:00:00+02:00][Adjuntar Archivo][INFO]: Se finaliza el proceso de adjuntar el archivo: NombreAPP Formato de carga.xls

[2000-07-01T00:00:00+02:00][Adjuntar Archivo][INFO]: Se inicia el proceso de adjuntar el archivo: NombreAPP Formato de carga.xls

[2000-07-01T00:00:00+02:00][Adjuntar Archivo][INFO]: La extension de el archivo es correcta

[2000-07-01T00:00:00+02:00][Adjuntar Archivo][INFO]: Se finaliza el proceso de adjuntar el archivo: NombreAPP Formato de carga.xls

[2000-07-01T00:00:00+02:00][Adjuntar Archivo][INFO]: Se inicia el proceso de adjuntar el archivo: NombreAPP Formato de carga.xls

[2000-07-01T00:00:00+02:00][Adjuntar Archivo][INFO]: La extension de el archivo es correcta

[2000-07-01T00:00:00+02:00][Adjuntar Archivo][INFO]: Se finaliza el proceso de adjuntar el archivo: NombreAPP Formato de carga.xls

[2000-07-01T00:00:00+02:00][Adjuntar Archivo][INFO]: Se inicia el proceso de adjuntar el archivo: NombreAPP Formato de carga.xls

[2000-07-01T00:00:00+02:00][Adjuntar Archivo][INFO]: La extension de el archivo es correcta

[2000-07-01T00:00:00+02:00][Adjuntar Archivo][INFO]: Se finaliza el proceso de adjuntar el archivo: NombreAPP Formato de carga.xls

[2000-07-01T00:00:00+02:00][Adjuntar Archivo][INFO]: Se inicia el proceso de adjuntar el archivo: NombreAPP Formato de carga.xls

[2000-07-01T00:00:00+02:00][Adjuntar Archivo][INFO]: La extension de el archivo es correcta

[2000-07-01T00:00:00+02:00][Adjuntar Archivo][INFO]: Se finaliza el proceso de adjuntar el archivo: NombreAPP Formato de carga.xls

[2000-07-01T00:00:00+02:00][Adjuntar Archivo][INFO]: Se inicia el proceso de adjuntar el archivo: NombreAPP Formato de carga.xls

[2000-07-01T00:00:00+02:00][Adjuntar Archivo][INFO]: La extension de el archivo es correcta

[2000-07-01T00:00:00+02:00][Adjuntar Archivo][INFO]: Se finaliza el proceso de adjuntar el archivo: NombreAPP Formato de carga.xls

[2000-07-01T00:00:00+02:00][Adjuntar Archivo][INFO]: Se inicia el proceso de adjuntar el archivo: NombreAPP Formato de carga.xls

[2000-07-01T00:00:00+02:00][Adjuntar Archivo][INFO]: La extension de el archivo es correcta

[2000-07-01T00:00:00+02:00][Adjuntar Archivo][INFO]: Se finaliza el proceso de adjuntar el archivo: NombreAPP Formato de carga.xls

[2000-07-01T00:00:00+02:00][Adjuntar Archivo][INFO]: Se inicia el proceso de adjuntar el archivo: NombreAPP Formato de carga.xls

[2000-07-01T00:00:00+02:00][Adjuntar Archivo][INFO]: La extension de el archivo es correcta

[2000-07-01T00:00:00+02:00][Adjuntar Archivo][INFO]: Se finaliza el proceso de adjuntar el archivo: NombreAPP Formato de carga.xls

[2000-07-01T00:00:00+02:00][Adjuntar Archivo][INFO]: Se inicia el proceso de adjuntar el archivo: NombreAPP Formato de carga.xls

[2000-07-01T00:00:00+02:00][Adjuntar Archivo][INFO]: La extension de el archivo es correcta

[2000-07-01T00:00:00+02:00][Adjuntar Archivo][INFO]: Se finaliza el proceso de adjuntar el archivo: NombreAPP Formato de carga.xls

[2000-07-01T00:00:00+02:00][Adjuntar Archivo][INFO]: Se inicia el proceso de adjuntar el archivo: NombreAPP Formato de carga.xls

[2000-07-01T00:00:00+02:00][Adjuntar Archivo][INFO]: La extension de el archivo es correcta

[2000-07-01T00:00:00+02:00][Adjuntar Archivo][INFO]: Se finaliza el proceso de adjuntar el archivo: NombreAPP Formato de carga.xls

[2000-07-01T00:00:00+02:00][Adjuntar Archivo][INFO]: Se inicia el proceso de adjuntar el archivo: NombreAPP Formato de carga.xls

[2000-07-01T00:00:00+02:00][Adjuntar Archivo][INFO]: La extension de el archivo es correcta

[2000-07-01T00:00:00+02:00][Adjuntar Archivo][INFO]: Se finaliza el proceso de adjuntar el archivo: NombreAPP Formato de carga.xls

[2000-07-01T00:00:00+02:00][Adjuntar Archivo][INFO]: Se inicia el proceso de adjuntar el archivo: NombreAPP Formato de carga.xls

[2000-07-01T00:00:00+02:00][Adjuntar Archivo][INFO]: La extension de el archivo es correcta

[2000-07-01T00:00:00+02:00][Adjuntar Archivo][INFO]: Se finaliza el proceso de adjuntar el archivo: NombreAPP Formato de carga.xls

[2000-07-01T00:00:00+02:00][Adjuntar Archivo][INFO]: Se inicia el proceso de adjuntar el archivo: NombreAPP Formato de carga.xls

[2000-07-01T00:00:00+02:00][Adjuntar Archivo][INFO]: La extension de el archivo es correcta

[2000-07-01T00:00:00+02:00][Adjuntar Archivo][INFO]: Se finaliza el proceso de adjuntar el archivo: NombreAPP Formato de carga.xls

[2000-07-01T00:00:00+02:00][Adjuntar Archivo][INFO]: Se inicia el proceso de adjuntar el archivo: NombreAPP Formato de carga.xls

[2000-07-01T00:00:00+02:00][Adjuntar Archivo][INFO]: La extension de el archivo es correcta

[2000-07-01T00:00:00+02:00][Adjuntar Archivo][INFO]: Se finaliza el proceso de adjuntar el archivo: NombreAPP Formato de carga.xls

[2000-07-01T00:00:00+02:00][Adjuntar Archivo][INFO]: Se inicia el proceso de adjuntar el archivo: NombreAPP Formato de carga.xls

[2000-07-01T00:00:00+02:00][Adjuntar Archivo][INFO]: La extension de el archivo es correcta

[2000-07-01T00:00:00+02:00][Adjuntar Archivo][INFO]: Se finaliza el proceso de adjuntar el archivo: NombreAPP Formato de carga.xls

[2000-07-01T00:00:00+02:00][Adjuntar Archivo][INFO]: Se inicia el proceso de adjuntar el archivo: NombreAPP Formato de carga.xls

[2000-07-01T00:00:00+02:00][Adjuntar Archivo][INFO]: La extension de el archivo es correcta

[2000-07-01T00:00:00+02:00][Adjuntar Archivo][INFO]: Se finaliza el proceso de adjuntar el archivo: NombreAPP Formato de carga.xls

[2000-07-01T00:00:00+02:00][Adjuntar Archivo][INFO]: Se inicia el proceso de adjuntar el archivo: NombreAPP Formato de carga.xls

[2000-07-01T00:00:00+02:00][Adjuntar Archivo][INFO]: La extension de el archivo es correcta

[2000-07-01T00:00:00+02:00][Adjuntar Archivo][INFO]: Se finaliza el proceso de adjuntar el archivo: NombreAPP Formato de carga.xls

[2000-07-01T00:00:00+02:00][Adjuntar Archivo][INFO]: Se inicia el proceso de adjuntar el archivo: NombreAPP Formato de carga.xls

[2000-07-01T00:00:00+02:00][Adjuntar Archivo][INFO]: La extension de el archivo es correcta

[2000-07-01T00:00:00+02:00][Adjuntar Archivo][INFO]: Se finaliza el proceso de adjuntar el archivo: NombreAPP Formato de carga.xls

[2000-07-01T00:00:00+02:00][Adjuntar Archivo][INFO]: Se inicia el proceso de adjuntar el archivo: NombreAPP Formato de carga.xls

[2000-07-01T00:00:00+02:00][Adjuntar Archivo][INFO]: La extension de el archivo es correcta

[2000-07-01T00:00:00+02:00][Adjuntar Archivo][INFO]: Se finaliza el proceso de adjuntar el archivo: NombreAPP Formato de carga.xls

[2000-07-01T00:00:00+02:00][Adjuntar Archivo][INFO]: Se inicia el proceso de adjuntar el archivo: NombreAPP Formato de carga.xls

[2000-07-01T00:00:00+02:00][Adjuntar Archivo][INFO]: La extension de el archivo es correcta

[2000-07-01T00:00:00+02:00][Adjuntar Archivo][INFO]: Se finaliza el proceso de adjuntar el archivo: NombreAPP Formato de carga.xls

[2000-07-01T00:00:00+02:00][Adjuntar Archivo][INFO]: Se inicia el proceso de adjuntar el archivo: NombreAPP Formato de carga.xls

[2000-07-01T00:00:00+02:00][Adjuntar Archivo][INFO]: La extension de el archivo es correcta

[2000-07-01T00:00:00+02:00][Adjuntar Archivo][INFO]: Se finaliza el proceso de adjuntar el archivo: NombreAPP Formato de carga.xls

[2000-07-01T00:00:00+02:00][Adjuntar Archivo][INFO]: Se inicia el proceso de adjuntar el archivo: NombreAPP Formato de carga.xls

[2000-07-01T00:00:00+02:00][Adjuntar Archivo][INFO]: La extension de el archivo es correcta

[2000-07-01T00:00:00+02:00][Adjuntar Archivo][INFO]: Se finaliza el proceso de adjuntar el archivo: NombreAPP Formato de carga.xls

[2000-07-01T00:00:00+02:00][Adjuntar Archivo][INFO]: Se inicia el proceso de adjuntar el archivo: NombreAPP Formato de carga.xls

[2000-07-01T00:00:00+02:00][Adjuntar Archivo][INFO]: La extension de el archivo es correcta

[2000-07-01T00:00:00+02:00][Adjuntar Archivo][INFO]: Se finaliza el proceso de adjuntar el archivo: NombreAPP Formato de carga.xls

[2000-07-01T00:00:00+02:00][Adjuntar Archivo][INFO]: Se inicia el proceso de adjuntar el archivo: NombreAPP Formato de carga.xls

[2000-07-01T00:00:00+02:00][Adjuntar Archivo][INFO]: La extension de el archivo es correcta

[2000-07-01T00:00:00+02:00][Adjuntar Archivo][INFO]: Se finaliza el proceso de adjuntar el archivo: NombreAPP Formato de carga.xls

[2000-07-01T00:00:00+02:00][Adjuntar Archivo][INFO]: Se inicia el proceso de adjuntar el archivo: prueba.xls

[2000-07-01T00:00:00+02:00][Adjuntar Archivo][INFO]: La extension de el archivo es correcta

[2000-07-01T00:00:00+02:00][Adjuntar Archivo][INFO]: Se finaliza el proceso de adjuntar el archivo: prueba.xls

[2000-07-01T00:00:00+02:00][Adjuntar Archivo][INFO]: Se inicia el proceso de adjuntar el archivo: NombreAPP Formato de carga.xls

[2000-07-01T00:00:00+02:00][Adjuntar Archivo][INFO]: La extension de el archivo es correcta

[2000-07-01T00:00:00+02:00][Adjuntar Archivo][INFO]: Se finaliza el proceso de adjuntar el archivo: NombreAPP Formato de carga.xls

[2000-07-01T00:00:00+02:00][Adjuntar Archivo][INFO]: Se inicia el proceso de adjuntar el archivo: prueba.xls

[2000-07-01T00:00:00+02:00][Adjuntar Archivo][INFO]: La extension de el archivo es correcta

[2000-07-01T00:00:00+02:00][Adjuntar Archivo][INFO]: Se finaliza el proceso de adjuntar el archivo: prueba.xls

[2000-07-01T00:00:00+02:00][Adjuntar Archivo][INFO]: Se inicia el proceso de adjuntar el archivo: prueba.xls

[2000-07-01T00:00:00+02:00][Adjuntar Archivo][INFO]: La extension de el archivo es correcta

[2000-07-01T00:00:00+02:00][Adjuntar Archivo][INFO]: Se finaliza el proceso de adjuntar el archivo: prueba.xls

[2000-07-01T00:00:00+02:00][Adjuntar Archivo][INFO]: Se inicia el proceso de adjuntar el archivo: prueba.xls

[2000-07-01T00:00:00+02:00][Adjuntar Archivo][INFO]: La extension de el archivo es correcta

[2000-07-01T00:00:00+02:00][Adjuntar Archivo][INFO]: Se finaliza el proceso de adjuntar el archivo: prueba.xls

[2000-07-01T00:00:00+02:00][Adjuntar Archivo][INFO]: Se inicia el proceso de adjuntar el archivo: prueba.xls

[2000-07-01T00:00:00+02:00][Adjuntar Archivo][INFO]: La extension de el archivo es correcta

[2000-07-01T00:00:00+02:00][Adjuntar Archivo][INFO]: Se finaliza el proceso de adjuntar el archivo: prueba.xls

[2000-07-01T00:00:00+02:00][Adjuntar Archivo][INFO]: Se inicia el proceso de adjuntar el archivo: prueba.xls

[2000-07-01T00:00:00+02:00][Adjuntar Archivo][INFO]: La extension de el archivo es correcta

[2000-07-01T00:00:00+02:00][Adjuntar Archivo][INFO]: Se finaliza el proceso de adjuntar el archivo: prueba.xls

[2000-07-01T00:00:00+02:00][Adjuntar Archivo][INFO]: Se inicia el proceso de adjuntar el archivo: NombreAPP Formato de carga.xls

[2000-07-01T00:00:00+02:00][Adjuntar Archivo][INFO]: La extension de el archivo es correcta

[2000-07-01T00:00:00+02:00][Adjuntar Archivo][INFO]: Se finaliza el proceso de adjuntar el archivo: NombreAPP Formato de carga.xls

[2000-07-01T00:00:00+02:00][Adjuntar Archivo][INFO]: Se inicia el proceso de adjuntar el archivo: prueba.xls

[2000-07-01T00:00:00+02:00][Adjuntar Archivo][INFO]: La extension de el archivo es correcta

[2000-07-01T00:00:00+02:00][Adjuntar Archivo][INFO]: Se finaliza el proceso de adjuntar el archivo: prueba.xls

[2000-07-01T00:00:00+02:00][Adjuntar Archivo][INFO]: Se inicia el proceso de adjuntar el archivo: NombreAPP Formato de carga.xls

[2000-07-01T00:00:00+02:00][Adjuntar Archivo][INFO]: La extension de el archivo es correcta

[2000-07-01T00:00:00+02:00][Adjuntar Archivo][INFO]: Se finaliza el proceso de adjuntar el archivo: NombreAPP Formato de carga.xls

[2000-07-01T00:00:00+02:00][Adjuntar Archivo][INFO]: Se inicia el proceso de adjuntar el archivo: 

[2000-07-01T00:00:00+02:00][Adjuntar Archivo][WARN]: La extension del archivo es erronea

[2000-07-01T00:00:00+02:00][Adjuntar Archivo][INFO]: Se finaliza el proceso de adjuntar el archivo: 

[2000-07-01T00:00:00+02:00][Adjuntar Archivo][INFO]: Se inicia el proceso de adjuntar el archivo: 

[2000-07-01T00:00:00+02:00][Adjuntar Archivo][WARN]: La extension del archivo es erronea

[2000-07-01T00:00:00+02:00][Adjuntar Archivo][INFO]: Se finaliza el proceso de adjuntar el archivo: 

[2000-07-01T00:00:00+02:00][Adjuntar Archivo][INFO]: Se inicia el proceso de adjuntar el archivo: 

[2000-07-01T00:00:00+02:00][Adjuntar Archivo][WARN]: La extension del archivo es erronea

[2000-07-01T00:00:00+02:00][Adjuntar Archivo][INFO]: Se finaliza el proceso de adjuntar el archivo: 

[2000-07-01T00:00:00+02:00][Adjuntar Archivo][INFO]: Se inicia el proceso de adjuntar el archivo: NombreAPP Formato de carga.xls

[2000-07-01T00:00:00+02:00][Adjuntar Archivo][INFO]: La extension de el archivo es correcta

[2000-07-01T00:00:00+02:00][Adjuntar Archivo][INFO]: Se finaliza el proceso de adjuntar el archivo: NombreAPP Formato de carga.xls

