[2000-07-01T00:00:00+02:00][Adjuntar Archivo][INFO]: Se inicia el proceso de adjuntar el archivo: NombreAPP Formato de carga (3).xls

[2000-07-01T00:00:00+02:00][Adjuntar Archivo][INFO]: La extension de el archivo es correcta

[2000-07-01T00:00:00+02:00][Adjuntar Archivo][WARN]: Se presenta el siguiente error en el metodo cargarArchivPlanoPExcelSQLSTATE[HY000] [1049] Unknown database 'comparador.' En el metodo validarResultado

[2000-07-01T00:00:00+02:00][Adjuntar Archivo][INFO]: Se finaliza el proceso de adjuntar el archivo: NombreAPP Formato de carga (3).xls

[2000-07-01T00:00:00+02:00][Adjuntar Archivo][INFO]: Se inicia el proceso de adjuntar el archivo: NombreAPP Formato de carga (3).xls

[2000-07-01T00:00:00+02:00][Adjuntar Archivo][INFO]: La extension de el archivo es correcta

[2000-07-01T00:00:00+02:00][Adjuntar Archivo][WARN]: Se presenta el siguiente error en el metodo cargarArchivPlanoPExcelSQLSTATE[HY000] [1049] Unknown database 'comparador.' En el metodo validarResultado

[2000-07-01T00:00:00+02:00][Adjuntar Archivo][INFO]: Se finaliza el proceso de adjuntar el archivo: NombreAPP Formato de carga (3).xls

[2000-07-01T00:00:00+02:00][Adjuntar Archivo][INFO]: Se inicia el proceso de adjuntar el archivo: NombreAPP Formato de carga (3).xls

[2000-07-01T00:00:00+02:00][Adjuntar Archivo][INFO]: La extension de el archivo es correcta

[2000-07-01T00:00:00+02:00][Adjuntar Archivo][INFO]: Se finaliza el proceso de adjuntar el archivo: NombreAPP Formato de carga (3).xls

[2000-07-01T00:00:00+02:00][Adjuntar Archivo][INFO]: Se inicia el proceso de adjuntar el archivo: NombreAPP Formato de carga (3).xls

[2000-07-01T00:00:00+02:00][Adjuntar Archivo][INFO]: La extension de el archivo es correcta

[2000-07-01T00:00:00+02:00][Adjuntar Archivo][INFO]: Se finaliza el proceso de adjuntar el archivo: NombreAPP Formato de carga (3).xls

[2000-07-01T00:00:00+02:00][Adjuntar Archivo][INFO]: Se inicia el proceso de adjuntar el archivo: NombreAPP Formato de carga (3).xls

[2000-07-01T00:00:00+02:00][Adjuntar Archivo][INFO]: La extension de el archivo es correcta

[2000-07-01T00:00:00+02:00][Adjuntar Archivo][INFO]: Se finaliza el proceso de adjuntar el archivo: NombreAPP Formato de carga (3).xls

[2000-07-01T00:00:00+02:00][Adjuntar Archivo][INFO]: Se inicia el proceso de adjuntar el archivo: NombreAPP Formato de carga (3).xls

[2000-07-01T00:00:00+02:00][Adjuntar Archivo][INFO]: La extension de el archivo es correcta

[2000-07-01T00:00:00+02:00][Adjuntar Archivo][INFO]: Se finaliza el proceso de adjuntar el archivo: NombreAPP Formato de carga (3).xls

[2000-07-01T00:00:00+02:00][Adjuntar Archivo][INFO]: Se inicia el proceso de adjuntar el archivo: NombreAPP Formato de carga (3).xls

[2000-07-01T00:00:00+02:00][Adjuntar Archivo][INFO]: La extension de el archivo es correcta

[2000-07-01T00:00:00+02:00][Adjuntar Archivo][INFO]: Se finaliza el proceso de adjuntar el archivo: NombreAPP Formato de carga (3).xls

[2000-07-01T00:00:00+02:00][Adjuntar Archivo][INFO]: Se inicia el proceso de adjuntar el archivo: NombreAPP Formato de carga (3).xls

[2000-07-01T00:00:00+02:00][Adjuntar Archivo][INFO]: La extension de el archivo es correcta

[2000-07-01T00:00:00+02:00][Adjuntar Archivo][INFO]: Se finaliza el proceso de adjuntar el archivo: NombreAPP Formato de carga (3).xls

[2000-07-01T00:00:00+02:00][Adjuntar Archivo][INFO]: Se inicia el proceso de adjuntar el archivo: NombreAPP Formato de carga (3).xls

[2000-07-01T00:00:00+02:00][Adjuntar Archivo][INFO]: La extension de el archivo es correcta

[2000-07-01T00:00:00+02:00][Adjuntar Archivo][INFO]: Se finaliza el proceso de adjuntar el archivo: NombreAPP Formato de carga (3).xls

[2000-07-01T00:00:00+02:00][Adjuntar Archivo][INFO]: Se inicia el proceso de adjuntar el archivo: NombreAPP Formato de carga (3).xls

[2000-07-01T00:00:00+02:00][Adjuntar Archivo][INFO]: La extension de el archivo es correcta

[2000-07-01T00:00:00+02:00][Adjuntar Archivo][INFO]: Se finaliza el proceso de adjuntar el archivo: NombreAPP Formato de carga (3).xls

[2000-07-01T00:00:00+02:00][Adjuntar Archivo][INFO]: Se inicia el proceso de adjuntar el archivo: NombreAPP Formato de carga (3).xls

[2000-07-01T00:00:00+02:00][Adjuntar Archivo][INFO]: La extension de el archivo es correcta

[2000-07-01T00:00:00+02:00][Adjuntar Archivo][INFO]: Se finaliza el proceso de adjuntar el archivo: NombreAPP Formato de carga (3).xls

[2000-07-01T00:00:00+02:00][Adjuntar Archivo][INFO]: Se inicia el proceso de adjuntar el archivo: NombreAPP Formato de carga (3).xls

[2000-07-01T00:00:00+02:00][Adjuntar Archivo][INFO]: La extension de el archivo es correcta

[2000-07-01T00:00:00+02:00][Adjuntar Archivo][INFO]: Se finaliza el proceso de adjuntar el archivo: NombreAPP Formato de carga (3).xls

[2000-07-01T00:00:00+02:00][Adjuntar Archivo][INFO]: Se inicia el proceso de adjuntar el archivo: NombreAPP Formato de carga (3).xls

[2000-07-01T00:00:00+02:00][Adjuntar Archivo][INFO]: La extension de el archivo es correcta

[2000-07-01T00:00:00+02:00][Adjuntar Archivo][INFO]: Se finaliza el proceso de adjuntar el archivo: NombreAPP Formato de carga (3).xls

[2000-07-01T00:00:00+02:00][Adjuntar Archivo][INFO]: Se inicia el proceso de adjuntar el archivo: 

[2000-07-01T00:00:00+02:00][Adjuntar Archivo][WARN]: La extension del archivo es erronea

[2000-07-01T00:00:00+02:00][Adjuntar Archivo][INFO]: Se finaliza el proceso de adjuntar el archivo: 

[2000-07-01T00:00:00+02:00][Adjuntar Archivo][INFO]: Se inicia el proceso de adjuntar el archivo: NombreAPP Formato de carga (3).xls

[2000-07-01T00:00:00+02:00][Adjuntar Archivo][INFO]: La extension de el archivo es correcta

[2000-07-01T00:00:00+02:00][Adjuntar Archivo][INFO]: Se finaliza el proceso de adjuntar el archivo: NombreAPP Formato de carga (3).xls

[2000-07-01T00:00:00+02:00][Adjuntar Archivo][INFO]: Se inicia el proceso de adjuntar el archivo: NombreAPP Formato de carga.xls

[2000-07-01T00:00:00+02:00][Adjuntar Archivo][INFO]: La extension de el archivo es correcta

[2000-07-01T00:00:00+02:00][Adjuntar Archivo][INFO]: Se finaliza el proceso de adjuntar el archivo: NombreAPP Formato de carga.xls

[2000-07-01T00:00:00+02:00][Consultar][INFO]: Se inicia el proceso de Consultar Productos 

[2000-07-01T00:00:00+02:00][Consultar][INFO]: Se inicia el proceso de Consultar Productos 

[2000-07-01T00:00:00+02:00][Consultar][INFO]: Se inicia el proceso de Consultar Productos 

[2000-07-01T00:00:00+02:00][Consultar Producto Tienda][INFO]: 89

[2000-07-01T00:00:00+02:00][Consultar][INFO]: Se inicia el proceso de Consultar Productos 

[2000-07-01T00:00:00+02:00][Consultar][INFO]: Se inicia el proceso de Consultar Productos 

[2000-07-01T00:00:00+02:00][Consultar Producto Tienda][INFO]: 89

[2000-07-01T00:00:00+02:00][Consultar Producto Tienda][INFO]: Se edita el producto con exito

[2000-07-01T00:00:00+02:00][Consultar][INFO]: Se inicia el proceso de Consultar Productos 

[2000-07-01T00:00:00+02:00][Consultar Producto Tienda][INFO]: 74

[2000-07-01T00:00:00+02:00][Consultar Producto Tienda][INFO]: Se procede a elimina con exito el producto 

[2000-07-01T00:00:00+02:00][Consultar][INFO]: Se inicia el proceso de Consultar Productos 

[2000-07-01T00:00:00+02:00][Consultar Producto Tienda][INFO]: Se procede a editar el producto con id: 92

[2000-07-01T00:00:00+02:00][Consultar Producto Tienda][INFO]: Se edita el producto con exito

[2000-07-01T00:00:00+02:00][Consultar][INFO]: Se inicia el proceso de Consultar Productos 

[2000-07-01T00:00:00+02:00][Consultar][INFO]: Se inicia el proceso de Consultar Productos 

[2000-07-01T00:00:00+02:00][Consultar][INFO]: Se inicia el proceso de Consultar Productos 

[2000-07-01T00:00:00+02:00][Consultar][INFO]: Se inicia el proceso de Consultar Productos 

[2000-07-01T00:00:00+02:00][Consultar][INFO]: Se inicia el proceso de Consultar Productos 

[2000-07-01T00:00:00+02:00][Consultar][INFO]: Se inicia el proceso de Consultar Productos 

[2000-07-01T00:00:00+02:00][Consultar][INFO]: Se inicia el proceso de Consultar Productos 

[2000-07-01T00:00:00+02:00][Consultar][INFO]: Se inicia el proceso de Consultar Productos 

[2000-07-01T00:00:00+02:00][Consultar][INFO]: Se inicia el proceso de Consultar Productos 

[2000-07-01T00:00:00+02:00][Consultar][INFO]: Se inicia el proceso de Consultar Productos 

[2000-07-01T00:00:00+02:00][Consultar][INFO]: Se inicia el proceso de Consultar Productos 

[2000-07-01T00:00:00+02:00][Consultar Producto Tienda][INFO]: Se procede a editar el producto con id: 90

[2000-07-01T00:00:00+02:00][Consultar Producto Tienda][INFO]: Se edita el producto con exito

[2000-07-01T00:00:00+02:00][Consultar][INFO]: Se inicia el proceso de Consultar Productos 

[2000-07-01T00:00:00+02:00][Consultar][INFO]: Se inicia el proceso de Consultar Productos 

[2000-07-01T00:00:00+02:00][Consultar][INFO]: Se inicia el proceso de Consultar Productos 

[2000-07-01T00:00:00+02:00][Consultar][INFO]: Se inicia el proceso de Consultar Productos 

[2000-07-01T00:00:00+02:00][Consultar][INFO]: Se inicia el proceso de Consultar Productos 

[2000-07-01T00:00:00+02:00][Consultar][INFO]: Se inicia el proceso de Consultar Productos 

[2000-07-01T00:00:00+02:00][Consultar][INFO]: Se inicia el proceso de Consultar Productos 

[2000-07-01T00:00:00+02:00][Consultar][INFO]: Se inicia el proceso de Consultar Productos 

[2000-07-01T00:00:00+02:00][Consultar][INFO]: Se inicia el proceso de Consultar Productos 

[2000-07-01T00:00:00+02:00][Consultar][INFO]: Se inicia el proceso de Consultar Productos 

[2000-07-01T00:00:00+02:00][Consultar][INFO]: Se inicia el proceso de Consultar Productos 

[2000-07-01T00:00:00+02:00][Consultar][INFO]: Se inicia el proceso de Consultar Productos 

[2000-07-01T00:00:00+02:00][Consultar][INFO]: Se inicia el proceso de Consultar Productos 

[2000-07-01T00:00:00+02:00][Consultar][INFO]: Se inicia el proceso de Consultar Productos 

[2000-07-01T00:00:00+02:00][Consultar][INFO]: Se inicia el proceso de Consultar Productos 

[2000-07-01T00:00:00+02:00][Consultar][INFO]: Se inicia el proceso de Consultar Productos 

[2000-07-01T00:00:00+02:00][Consultar Producto Tienda][INFO]: Se procede a editar el producto con id: 89

[2000-07-01T00:00:00+02:00][Consultar Producto Tienda][INFO]: Se edita el producto con exito

[2000-07-01T00:00:00+02:00][Consultar][INFO]: Se inicia el proceso de Consultar Productos 

[2000-07-01T00:00:00+02:00][Consultar][INFO]: Se inicia el proceso de Consultar Productos 

[2000-07-01T00:00:00+02:00][Consultar][INFO]: Se inicia el proceso de Consultar Productos 

[2000-07-01T00:00:00+02:00][Consultar][INFO]: Se inicia el proceso de Consultar Productos 

[2000-07-01T00:00:00+02:00][Consultar][INFO]: Se inicia el proceso de Consultar Productos 

[2000-07-01T00:00:00+02:00][Consultar][INFO]: Se inicia el proceso de Consultar Productos 

[2000-07-01T00:00:00+02:00][Consultar][INFO]: Se inicia el proceso de Consultar Productos 

[2000-07-01T00:00:00+02:00][Consultar][INFO]: Se inicia el proceso de Consultar Productos 

[2000-07-01T00:00:00+02:00][Consultar][INFO]: Se inicia el proceso de Consultar Productos 

[2000-07-01T00:00:00+02:00][Consultar][INFO]: Se inicia el proceso de Consultar Productos 

[2000-07-01T00:00:00+02:00][Consultar][INFO]: Se inicia el proceso de Consultar Productos 

[2000-07-01T00:00:00+02:00][Consultar][INFO]: Se inicia el proceso de Consultar Productos 

[2000-07-01T00:00:00+02:00][Consultar][INFO]: Se inicia el proceso de Consultar Productos 

[2000-07-01T00:00:00+02:00][Consultar][INFO]: Se inicia el proceso de Consultar Productos 

[2000-07-01T00:00:00+02:00][Consultar][INFO]: Se inicia el proceso de Consultar Productos 

[2000-07-01T00:00:00+02:00][Consultar][INFO]: Se inicia el proceso de Consultar Productos 

[2000-07-01T00:00:00+02:00][Consultar][INFO]: Se inicia el proceso de Consultar Productos 

[2000-07-01T00:00:00+02:00][Consultar][INFO]: Se inicia el proceso de Consultar Productos 

[2000-07-01T00:00:00+02:00][Consultar][INFO]: Se inicia el proceso de Consultar Productos 

[2000-07-01T00:00:00+02:00][Consultar][INFO]: Se inicia el proceso de Consultar Productos 

[2000-07-01T00:00:00+02:00][Consultar][INFO]: Se inicia el proceso de Consultar Productos 

[2000-07-01T00:00:00+02:00][Consultar][INFO]: Se inicia el proceso de Consultar Productos 

[2000-07-01T00:00:00+02:00][Consultar][INFO]: Se inicia el proceso de Consultar Productos 

[2000-07-01T00:00:00+02:00][Consultar][INFO]: Se inicia el proceso de Consultar Productos 

[2000-07-01T00:00:00+02:00][Consultar][INFO]: Se inicia el proceso de Consultar Productos 

[2000-07-01T00:00:00+02:00][Consultar][INFO]: Se inicia el proceso de Consultar Productos 

[2000-07-01T00:00:00+02:00][Consultar][INFO]: Se inicia el proceso de Consultar Productos 

[2000-07-01T00:00:00+02:00][Consultar][INFO]: Se inicia el proceso de Consultar Productos 

[2000-07-01T00:00:00+02:00][Consultar][INFO]: Se inicia el proceso de Consultar Productos 

[2000-07-01T00:00:00+02:00][Consultar][INFO]: Se inicia el proceso de Consultar Productos 

[2000-07-01T00:00:00+02:00][Consultar][INFO]: Se inicia el proceso de Consultar Productos 

[2000-07-01T00:00:00+02:00][Consultar Producto Tienda][INFO]: Se procede a eliminar el producto con id: 89

[2000-07-01T00:00:00+02:00][Consultar Producto Tienda][INFO]: Se procede a elimina con exito el producto 

[2000-07-01T00:00:00+02:00][Consultar][INFO]: Se inicia el proceso de Consultar Productos 

[2000-07-01T00:00:00+02:00][Consultar][INFO]: Se inicia el proceso de Consultar Productos 

[2000-07-01T00:00:00+02:00][Consultar][INFO]: Se inicia el proceso de Consultar Productos 

[2000-07-01T00:00:00+02:00][Consultar][INFO]: Se inicia el proceso de Consultar Productos 

[2000-07-01T00:00:00+02:00][Consultar][INFO]: Se inicia el proceso de Consultar Productos 

[2000-07-01T00:00:00+02:00][Consultar][INFO]: Se inicia el proceso de Consultar Productos 

[2000-07-01T00:00:00+02:00][Consultar][INFO]: Se inicia el proceso de Consultar Productos 

[2000-07-01T00:00:00+02:00][Consultar][INFO]: Se inicia el proceso de Consultar Productos 

[2000-07-01T00:00:00+02:00][Consultar][INFO]: Se inicia el proceso de Consultar Productos 

[2000-07-01T00:00:00+02:00][Consultar][INFO]: Se inicia el proceso de Consultar Productos 

[2000-07-01T00:00:00+02:00][Consultar][INFO]: Se inicia el proceso de Consultar Productos 

[2000-07-01T00:00:00+02:00][Consultar][INFO]: Se inicia el proceso de Consultar Productos 

[2000-07-01T00:00:00+02:00][Consultar][INFO]: Se inicia el proceso de Consultar Productos 

[2000-07-01T00:00:00+02:00][Consultar][INFO]: Se inicia el proceso de Consultar Productos 

[2000-07-01T00:00:00+02:00][Consultar][INFO]: Se inicia el proceso de Consultar Productos 

[2000-07-01T00:00:00+02:00][Consultar][INFO]: Se inicia el proceso de Consultar Productos 

[2000-07-01T00:00:00+02:00][Consultar][INFO]: Se inicia el proceso de Consultar Productos 

[2000-07-01T00:00:00+02:00][Consultar][INFO]: Se inicia el proceso de Consultar Productos 

[2000-07-01T00:00:00+02:00][Consultar][INFO]: Se inicia el proceso de Consultar Productos 

[2000-07-01T00:00:00+02:00][Consultar][INFO]: Se inicia el proceso de Consultar Productos 

[2000-07-01T00:00:00+02:00][Consultar][INFO]: Se inicia el proceso de Consultar Productos 

[2000-07-01T00:00:00+02:00][Consultar][INFO]: Se inicia el proceso de Consultar Productos 

[2000-07-01T00:00:00+02:00][Consultar][INFO]: Se inicia el proceso de Consultar Productos 

[2000-07-01T00:00:00+02:00][Consultar][INFO]: Se inicia el proceso de Consultar Productos 

[2000-07-01T00:00:00+02:00][Consultar][INFO]: Se inicia el proceso de Consultar Productos 

[2000-07-01T00:00:00+02:00][Consultar][INFO]: Se inicia el proceso de Consultar Productos 

[2000-07-01T00:00:00+02:00][Consultar][INFO]: Se inicia el proceso de Consultar Productos 

[2000-07-01T00:00:00+02:00][Consultar][INFO]: Se inicia el proceso de Consultar Productos 

[2000-07-01T00:00:00+02:00][Consultar][INFO]: Se inicia el proceso de Consultar Productos 

[2000-07-01T00:00:00+02:00][Consultar][INFO]: Se inicia el proceso de Consultar Productos 

[2000-07-01T00:00:00+02:00][Consultar][INFO]: Se inicia el proceso de Consultar Productos 

[2000-07-01T00:00:00+02:00][Consultar][INFO]: Se inicia el proceso de Consultar Productos 

[2000-07-01T00:00:00+02:00][Consultar][INFO]: Se inicia el proceso de Consultar Productos 

[2000-07-01T00:00:00+02:00][Consultar][INFO]: Se inicia el proceso de Consultar Productos 

[2000-07-01T00:00:00+02:00][Consultar][INFO]: Se inicia el proceso de Consultar Productos 

[2000-07-01T00:00:00+02:00][Consultar][INFO]: Se inicia el proceso de Consultar Productos 

[2000-07-01T00:00:00+02:00][Consultar][INFO]: Se inicia el proceso de Consultar Productos 

[2000-07-01T00:00:00+02:00][Consultar][INFO]: Se inicia el proceso de Consultar Productos 

[2000-07-01T00:00:00+02:00][Consultar][INFO]: Se inicia el proceso de Consultar Productos 

[2000-07-01T00:00:00+02:00][Consultar][INFO]: Se inicia el proceso de Consultar Productos 

[2000-07-01T00:00:00+02:00][Consultar][INFO]: Se inicia el proceso de Consultar Productos 

[2000-07-01T00:00:00+02:00][Consultar][INFO]: Se inicia el proceso de Consultar Productos 

[2000-07-01T00:00:00+02:00][Consultar][INFO]: Se inicia el proceso de Consultar Productos 

[2000-07-01T00:00:00+02:00][Consultar][INFO]: Se inicia el proceso de Consultar Productos 

[2000-07-01T00:00:00+02:00][Consultar][INFO]: Se inicia el proceso de Consultar Productos 

[2000-07-01T00:00:00+02:00][Consultar][INFO]: Se inicia el proceso de Consultar Productos 

[2000-07-01T00:00:00+02:00][Consultar][INFO]: Se inicia el proceso de Consultar Productos 

[2000-07-01T00:00:00+02:00][Consultar][INFO]: Se inicia el proceso de Consultar Productos 

[2000-07-01T00:00:00+02:00][Consultar][INFO]: Se inicia el proceso de Consultar Productos 

[2000-07-01T00:00:00+02:00][Consultar][INFO]: Se inicia el proceso de Consultar Productos 

[2000-07-01T00:00:00+02:00][Consultar][INFO]: Se inicia el proceso de Consultar Productos 

[2000-07-01T00:00:00+02:00][Consultar][INFO]: Se inicia el proceso de Consultar Productos 

[2000-07-01T00:00:00+02:00][Consultar][INFO]: Se inicia el proceso de Consultar Productos 

[2000-07-01T00:00:00+02:00][Consultar][INFO]: Se inicia el proceso de Consultar Productos 

[2000-07-01T00:00:00+02:00][Consultar][INFO]: Se inicia el proceso de Consultar Productos 

[2000-07-01T00:00:00+02:00][Consultar][INFO]: Se inicia el proceso de Consultar Productos 

[2000-07-01T00:00:00+02:00][Consultar][INFO]: Se inicia el proceso de Consultar Productos 

[2000-07-01T00:00:00+02:00][Consultar][INFO]: Se inicia el proceso de Consultar Productos 

[2000-07-01T00:00:00+02:00][Consultar][INFO]: Se inicia el proceso de Consultar Productos 

[2000-07-01T00:00:00+02:00][Consultar][INFO]: Se inicia el proceso de Consultar Productos 

[2000-07-01T00:00:00+02:00][Consultar][INFO]: Se inicia el proceso de Consultar Productos 

[2000-07-01T00:00:00+02:00][Consultar][INFO]: Se inicia el proceso de Consultar Productos 

[2000-07-01T00:00:00+02:00][Consultar][INFO]: Se inicia el proceso de Consultar Productos 

[2000-07-01T00:00:00+02:00][Consultar][INFO]: Se inicia el proceso de Consultar Productos 

[2000-07-01T00:00:00+02:00][Consultar][INFO]: Se inicia el proceso de Consultar Productos 

[2000-07-01T00:00:00+02:00][Consultar][INFO]: Se inicia el proceso de Consultar Productos 

[2000-07-01T00:00:00+02:00][Consultar][INFO]: Se inicia el proceso de Consultar Productos 

[2000-07-01T00:00:00+02:00][Consultar][INFO]: Se inicia el proceso de Consultar Productos 

[2000-07-01T00:00:00+02:00][Consultar][INFO]: Se inicia el proceso de Consultar Productos 

[2000-07-01T00:00:00+02:00][Consultar][INFO]: Se inicia el proceso de Consultar Productos 

[2000-07-01T00:00:00+02:00][Consultar][INFO]: Se inicia el proceso de Consultar Productos 

[2000-07-01T00:00:00+02:00][Consultar][INFO]: Se inicia el proceso de Consultar Productos 

[2000-07-01T00:00:00+02:00][Consultar][INFO]: Se inicia el proceso de Consultar Productos 

[2000-07-01T00:00:00+02:00][Consultar][INFO]: Se inicia el proceso de Consultar Productos 

[2000-07-01T00:00:00+02:00][Consultar][INFO]: Se inicia el proceso de Consultar Productos 

[2000-07-01T00:00:00+02:00][Consultar][INFO]: Se inicia el proceso de Consultar Productos 

[2000-07-01T00:00:00+02:00][Consultar][INFO]: Se inicia el proceso de Consultar Productos 

[2000-07-01T00:00:00+02:00][Consultar][INFO]: Se inicia el proceso de Consultar Productos 

[2000-07-01T00:00:00+02:00][Consultar][INFO]: Se inicia el proceso de Consultar Productos 

[2000-07-01T00:00:00+02:00][Consultar][INFO]: Se inicia el proceso de Consultar Productos 

[2000-07-01T00:00:00+02:00][Consultar][INFO]: Se inicia el proceso de Consultar Productos 

[2000-07-01T00:00:00+02:00][Consultar][INFO]: Se inicia el proceso de Consultar Productos 

[2000-07-01T00:00:00+02:00][Consultar][INFO]: Se inicia el proceso de Consultar Productos 

[2000-07-01T00:00:00+02:00][Consultar][INFO]: Se inicia el proceso de Consultar Productos 

[2000-07-01T00:00:00+02:00][Consultar][INFO]: Se inicia el proceso de Consultar Productos 

[2000-07-01T00:00:00+02:00][Consultar][INFO]: Se inicia el proceso de Consultar Productos 

[2000-07-01T00:00:00+02:00][Consultar][INFO]: Se inicia el proceso de Consultar Productos 

[2000-07-01T00:00:00+02:00][Consultar][INFO]: Se inicia el proceso de Consultar Productos 

[2000-07-01T00:00:00+02:00][Consultar][INFO]: Se inicia el proceso de Consultar Productos 

[2000-07-01T00:00:00+02:00][Consultar][INFO]: Se inicia el proceso de Consultar Productos 

[2000-07-01T00:00:00+02:00][Consultar][INFO]: Se inicia el proceso de Consultar Productos 

[2000-07-01T00:00:00+02:00][Consultar][INFO]: Se inicia el proceso de Consultar Productos 

[2000-07-01T00:00:00+02:00][Consultar][INFO]: Se inicia el proceso de Consultar Productos 

[2000-07-01T00:00:00+02:00][Consultar][INFO]: Se inicia el proceso de Consultar Productos 

[2000-07-01T00:00:00+02:00][Consultar][INFO]: Se inicia el proceso de Consultar Productos 

[2000-07-01T00:00:00+02:00][Consultar][INFO]: Se inicia el proceso de Consultar Productos 

[2000-07-01T00:00:00+02:00][Consultar][INFO]: Se inicia el proceso de Consultar Productos 

[2000-07-01T00:00:00+02:00][Consultar][INFO]: Se inicia el proceso de Consultar Productos 

[2000-07-01T00:00:00+02:00][Consultar][INFO]: Se inicia el proceso de Consultar Productos 

[2000-07-01T00:00:00+02:00][Consultar][INFO]: Se inicia el proceso de Consultar Productos 

[2000-07-01T00:00:00+02:00][Consultar][INFO]: Se inicia el proceso de Consultar Productos 

[2000-07-01T00:00:00+02:00][Consultar][INFO]: Se inicia el proceso de Consultar Productos 

[2000-07-01T00:00:00+02:00][Consultar][INFO]: Se inicia el proceso de Consultar Productos 

[2000-07-01T00:00:00+02:00][Consultar][INFO]: Se inicia el proceso de Consultar Productos 

[2000-07-01T00:00:00+02:00][Consultar][INFO]: Se inicia el proceso de Consultar Productos 

[2000-07-01T00:00:00+02:00][Consultar][INFO]: Se inicia el proceso de Consultar Productos 

[2000-07-01T00:00:00+02:00][Consultar][INFO]: Se inicia el proceso de Consultar Productos 

[2000-07-01T00:00:00+02:00][Consultar][INFO]: Se inicia el proceso de Consultar Productos 

[2000-07-01T00:00:00+02:00][Consultar][INFO]: Se inicia el proceso de Consultar Productos 

[2000-07-01T00:00:00+02:00][Consultar][INFO]: Se inicia el proceso de Consultar Productos 

[2000-07-01T00:00:00+02:00][Consultar][INFO]: Se inicia el proceso de Consultar Productos 

[2000-07-01T00:00:00+02:00][Consultar][INFO]: Se inicia el proceso de Consultar Productos 

[2000-07-01T00:00:00+02:00][Consultar][INFO]: Se inicia el proceso de Consultar Productos 

[2000-07-01T00:00:00+02:00][Consultar][INFO]: Se inicia el proceso de Consultar Productos 

[2000-07-01T00:00:00+02:00][Consultar][INFO]: Se inicia el proceso de Consultar Productos 

[2000-07-01T00:00:00+02:00][Consultar][INFO]: Se inicia el proceso de Consultar Productos 

[2000-07-01T00:00:00+02:00][Consultar][INFO]: Se inicia el proceso de Consultar Productos 

[2000-07-01T00:00:00+02:00][Consultar][INFO]: Se inicia el proceso de Consultar Productos 

[2000-07-01T00:00:00+02:00][Consultar][INFO]: Se inicia el proceso de Consultar Productos 

[2000-07-01T00:00:00+02:00][Consultar][INFO]: Se inicia el proceso de Consultar Productos 

[2000-07-01T00:00:00+02:00][Consultar][INFO]: Se inicia el proceso de Consultar Productos 

[2000-07-01T00:00:00+02:00][Consultar][INFO]: Se inicia el proceso de Consultar Productos 

[2000-07-01T00:00:00+02:00][Consultar][INFO]: Se inicia el proceso de Consultar Productos 

[2000-07-01T00:00:00+02:00][Consultar][INFO]: Se inicia el proceso de Consultar Productos 

[2000-07-01T00:00:00+02:00][Consultar][INFO]: Se inicia el proceso de Consultar Productos 

[2000-07-01T00:00:00+02:00][Consultar][INFO]: Se inicia el proceso de Consultar Productos 

[2000-07-01T00:00:00+02:00][Consultar][INFO]: Se inicia el proceso de Consultar Productos 

[2000-07-01T00:00:00+02:00][Consultar][INFO]: Se inicia el proceso de Consultar Productos 

[2000-07-01T00:00:00+02:00][Consultar][INFO]: Se inicia el proceso de Consultar Productos 

[2000-07-01T00:00:00+02:00][Consultar][INFO]: Se inicia el proceso de Consultar Productos 

[2000-07-01T00:00:00+02:00][Consultar][INFO]: Se inicia el proceso de Consultar Productos 

[2000-07-01T00:00:00+02:00][Consultar][INFO]: Se inicia el proceso de Consultar Productos 

[2000-07-01T00:00:00+02:00][Consultar][INFO]: Se inicia el proceso de Consultar Productos 

[2000-07-01T00:00:00+02:00][Consultar][INFO]: Se inicia el proceso de Consultar Productos 

[2000-07-01T00:00:00+02:00][Consultar][INFO]: Se inicia el proceso de Consultar Productos 

[2000-07-01T00:00:00+02:00][Consultar][INFO]: Se inicia el proceso de Consultar Productos 

[2000-07-01T00:00:00+02:00][Consultar][INFO]: Se inicia el proceso de Consultar Productos 

[2000-07-01T00:00:00+02:00][Consultar][INFO]: Se inicia el proceso de Consultar Productos 

[2000-07-01T00:00:00+02:00][Consultar][INFO]: Se inicia el proceso de Consultar Productos 

[2000-07-01T00:00:00+02:00][Consultar][INFO]: Se inicia el proceso de Consultar Productos 

[2000-07-01T00:00:00+02:00][Consultar][INFO]: Se inicia el proceso de Consultar Productos 

[2000-07-01T00:00:00+02:00][Consultar][INFO]: Se inicia el proceso de Consultar Productos 

[2000-07-01T00:00:00+02:00][Consultar][INFO]: Se inicia el proceso de Consultar Productos 

[2000-07-01T00:00:00+02:00][Consultar][INFO]: Se inicia el proceso de Consultar Productos 

[2000-07-01T00:00:00+02:00][Consultar][INFO]: Se inicia el proceso de Consultar Productos 

