[2000-07-01T00:00:00+02:00][AdminProducto][INFO]: Se inicia la pagina para administrar productos

[2000-07-01T00:00:00+02:00][AdminProducto][INFO]: Se inicia la pagina para administrar productos

[2000-07-01T00:00:00+02:00][AdminProducto][INFO]: Se inicia la pagina para administrar productos

[2000-07-01T00:00:00+02:00][AdminProducto][INFO]: Se inicia la pagina para administrar productos

[2000-07-01T00:00:00+02:00][AdminProducto][INFO]: Se inicia la pagina para administrar productos

[2000-07-01T00:00:00+02:00][AdminProducto][INFO]: Se inicia la pagina para administrar productos

[2000-07-01T00:00:00+02:00][AdminProducto][INFO]: Se inicia la pagina para administrar productos

[2000-07-01T00:00:00+02:00][AdminProducto][INFO]: Se inicia la pagina para administrar productos

[2000-07-01T00:00:00+02:00][AdminProducto][INFO]: Se inicia la pagina para administrar productos

[2000-07-01T00:00:00+02:00][AdminProducto][INFO]: Se inicia la pagina para administrar productos

[2000-07-01T00:00:00+02:00][AdminProducto][INFO]: Se inicia la pagina para administrar productos

[2000-07-01T00:00:00+02:00][AdminProducto][INFO]: Se inicia el metodo (validarDatosProducto) para la validacion de los datos de registro de producto

[2000-07-01T00:00:00+02:00][AdminProducto][INFO]: Se inicia el metodo (registrarProducto) para el registro de producto

[2000-07-01T00:00:00+02:00][AdminProducto][INFO]: Se registra correctamente el producto con id 1

[2000-07-01T00:00:00+02:00][AdminProducto][INFO]: Se finaliza el metodo (registrarProducto) 

[2000-07-01T00:00:00+02:00][AdminProducto][INFO]: Se finaliza el metodo (validarDatosProducto) 

[2000-07-01T00:00:00+02:00][AdminProducto][INFO]: Se inicia la pagina para administrar productos

[2000-07-01T00:00:00+02:00][AdminProducto][INFO]: Se inicia el metodo (validarDatosProducto) para la validacion de los datos de registro de producto

[2000-07-01T00:00:00+02:00][AdminProducto][INFO]: Se inicia el metodo (registrarProducto) para el registro de producto

[2000-07-01T00:00:00+02:00][AdminProducto][INFO]: Se registra correctamente el producto con id 2

[2000-07-01T00:00:00+02:00][AdminProducto][INFO]: Se finaliza el metodo (registrarProducto) 

[2000-07-01T00:00:00+02:00][AdminProducto][INFO]: Se finaliza el metodo (validarDatosProducto) 

[2000-07-01T00:00:00+02:00][AdminProducto][INFO]: Se inicia la pagina para administrar productos

[2000-07-01T00:00:00+02:00][AdminProducto][INFO]: Se inicia el metodo (validarDatosProducto) para la validacion de los datos de registro de producto

[2000-07-01T00:00:00+02:00][AdminProducto][INFO]: Se inicia el metodo (registrarProducto) para el registro de producto

[2000-07-01T00:00:00+02:00][AdminProducto][INFO]: Se registra correctamente el producto con id 3

[2000-07-01T00:00:00+02:00][AdminProducto][INFO]: Se finaliza el metodo (registrarProducto) 

[2000-07-01T00:00:00+02:00][AdminProducto][INFO]: Se finaliza el metodo (validarDatosProducto) 

[2000-07-01T00:00:00+02:00][AdminProducto][INFO]: Se inicia la pagina para administrar productos

[2000-07-01T00:00:00+02:00][AdminProducto][INFO]: Se inicia el metodo (validarDatosProducto) para la validacion de los datos de registro de producto

[2000-07-01T00:00:00+02:00][AdminProducto][INFO]: Se inicia el metodo (registrarProducto) para el registro de producto

[2000-07-01T00:00:00+02:00][AdminProducto][INFO]: Se registra correctamente el producto con id 4

[2000-07-01T00:00:00+02:00][AdminProducto][INFO]: Se finaliza el metodo (registrarProducto) 

[2000-07-01T00:00:00+02:00][AdminProducto][INFO]: Se finaliza el metodo (validarDatosProducto) 

[2000-07-01T00:00:00+02:00][AdminProducto][INFO]: Se inicia la pagina para administrar productos

[2000-07-01T00:00:00+02:00][AdminProducto][INFO]: Se inicia el metodo (validarDatosProducto) para la validacion de los datos de registro de producto

[2000-07-01T00:00:00+02:00][AdminProducto][INFO]: Se inicia el metodo (registrarProducto) para el registro de producto

[2000-07-01T00:00:00+02:00][AdminProducto][INFO]: Se registra correctamente el producto con id 5

[2000-07-01T00:00:00+02:00][AdminProducto][INFO]: Se finaliza el metodo (registrarProducto) 

[2000-07-01T00:00:00+02:00][AdminProducto][INFO]: Se finaliza el metodo (validarDatosProducto) 

[2000-07-01T00:00:00+02:00][AdminProducto][INFO]: Se inicia la pagina para administrar productos

[2000-07-01T00:00:00+02:00][AdminProducto][INFO]: Se inicia la pagina para administrar productos

[2000-07-01T00:00:00+02:00][AdminProducto][INFO]: Se inicia la pagina para administrar productos

[2000-07-01T00:00:00+02:00][AdminProducto][INFO]: Se inicia la pagina para administrar productos

[2000-07-01T00:00:00+02:00][AdminProducto][INFO]: Se inicia la pagina para administrar productos

[2000-07-01T00:00:00+02:00][AdminProducto][INFO]: Se inicia el metodo (validarDatosProducto) para la validacion de los datos de registro de producto

[2000-07-01T00:00:00+02:00][AdminProducto][INFO]: Se inicia el metodo (registrarProducto) para el registro de producto

[2000-07-01T00:00:00+02:00][AdminProducto][INFO]: Se registra correctamente el producto con id 6

[2000-07-01T00:00:00+02:00][AdminProducto][INFO]: Se finaliza el metodo (registrarProducto) 

[2000-07-01T00:00:00+02:00][AdminProducto][INFO]: Se finaliza el metodo (validarDatosProducto) 

[2000-07-01T00:00:00+02:00][AdminProducto][INFO]: Se inicia la pagina para administrar productos

[2000-07-01T00:00:00+02:00][AdminProducto][INFO]: Se inicia el metodo (validarDatosProducto) para la validacion de los datos de registro de producto

[2000-07-01T00:00:00+02:00][AdminProducto][INFO]: Se inicia el metodo (registrarProducto) para el registro de producto

[2000-07-01T00:00:00+02:00][AdminProducto][INFO]: Se registra correctamente el producto con id 7

[2000-07-01T00:00:00+02:00][AdminProducto][INFO]: Se finaliza el metodo (registrarProducto) 

[2000-07-01T00:00:00+02:00][AdminProducto][INFO]: Se finaliza el metodo (validarDatosProducto) 

[2000-07-01T00:00:00+02:00][AdminProducto][INFO]: Se inicia la pagina para administrar productos

[2000-07-01T00:00:00+02:00][AdminProducto][INFO]: Se inicia el metodo (validarDatosProducto) para la validacion de los datos de registro de producto

[2000-07-01T00:00:00+02:00][AdminProducto][INFO]: Se inicia el metodo (registrarProducto) para el registro de producto

[2000-07-01T00:00:00+02:00][AdminProducto][INFO]: Se registra correctamente el producto con id 8

[2000-07-01T00:00:00+02:00][AdminProducto][INFO]: Se finaliza el metodo (registrarProducto) 

[2000-07-01T00:00:00+02:00][AdminProducto][INFO]: Se finaliza el metodo (validarDatosProducto) 

[2000-07-01T00:00:00+02:00][AdminProducto][INFO]: Se inicia la pagina para administrar productos

[2000-07-01T00:00:00+02:00][AdminProducto][INFO]: Se inicia el metodo (validarDatosProducto) para la validacion de los datos de registro de producto

[2000-07-01T00:00:00+02:00][AdminProducto][INFO]: Se inicia el metodo (registrarProducto) para el registro de producto

[2000-07-01T00:00:00+02:00][AdminProducto][INFO]: Se registra correctamente el producto con id 9

[2000-07-01T00:00:00+02:00][AdminProducto][INFO]: Se finaliza el metodo (registrarProducto) 

[2000-07-01T00:00:00+02:00][AdminProducto][INFO]: Se finaliza el metodo (validarDatosProducto) 

[2000-07-01T00:00:00+02:00][AdminProducto][INFO]: Se inicia la pagina para administrar productos

[2000-07-01T00:00:00+02:00][AdminProducto][INFO]: Se inicia el metodo (validarDatosProducto) para la validacion de los datos de registro de producto

[2000-07-01T00:00:00+02:00][AdminProducto][INFO]: Se inicia el metodo (registrarProducto) para el registro de producto

[2000-07-01T00:00:00+02:00][AdminProducto][INFO]: Se registra correctamente el producto con id 10

[2000-07-01T00:00:00+02:00][AdminProducto][INFO]: Se finaliza el metodo (registrarProducto) 

[2000-07-01T00:00:00+02:00][AdminProducto][INFO]: Se finaliza el metodo (validarDatosProducto) 

[2000-07-01T00:00:00+02:00][AdminProducto][INFO]: Se inicia la pagina para administrar productos

[2000-07-01T00:00:00+02:00][AdminProducto][INFO]: Se inicia el metodo (validarDatosProducto) para la validacion de los datos de registro de producto

[2000-07-01T00:00:00+02:00][AdminProducto][INFO]: Se inicia el metodo (registrarProducto) para el registro de producto

[2000-07-01T00:00:00+02:00][AdminProducto][INFO]: Se registra correctamente el producto con id 11

[2000-07-01T00:00:00+02:00][AdminProducto][INFO]: Se finaliza el metodo (registrarProducto) 

[2000-07-01T00:00:00+02:00][AdminProducto][INFO]: Se finaliza el metodo (validarDatosProducto) 

[2000-07-01T00:00:00+02:00][AdminProducto][INFO]: Se inicia la pagina para administrar productos

[2000-07-01T00:00:00+02:00][AdminProducto][INFO]: Se inicia el metodo (validarDatosProducto) para la validacion de los datos de registro de producto

[2000-07-01T00:00:00+02:00][AdminProducto][INFO]: Se inicia el metodo (registrarProducto) para el registro de producto

[2000-07-01T00:00:00+02:00][AdminProducto][INFO]: Se registra correctamente el producto con id 12

[2000-07-01T00:00:00+02:00][AdminProducto][INFO]: Se finaliza el metodo (registrarProducto) 

[2000-07-01T00:00:00+02:00][AdminProducto][INFO]: Se finaliza el metodo (validarDatosProducto) 

